<?xml version="1.0" encoding="UTF-8"?>
<testsuite name="com.Bridgelabz.EmployeePayRollTest" tests="1" skipped="0" failures="0" errors="0" timestamp="2022-09-12T03:04:40" hostname="DIVAKAR" time="2.1">
  <properties/>
  <testcase name="givenPathWhenCheckedThenConfirm()" classname="com.Bridgelabz.EmployeePayRollTest" time="2.1"/>
  <system-out><![CDATA[F:\Programs\src
Files.list
F:\Programs\src\TempPlayGround\temp1
F:\Programs\src\TempPlayGround\temp2
F:\Programs\src\TempPlayGround\temp3
F:\Programs\src\TempPlayGround\temp4
F:\Programs\src\TempPlayGround\temp5
F:\Programs\src\TempPlayGround\temp6
F:\Programs\src\TempPlayGround\temp7
F:\Programs\src\TempPlayGround\temp8
F:\Programs\src\TempPlayGround\temp9
Files.newDirectory
F:\Programs\src\TempPlayGround\temp1
F:\Programs\src\TempPlayGround\temp2
F:\Programs\src\TempPlayGround\temp3
F:\Programs\src\TempPlayGround\temp4
F:\Programs\src\TempPlayGround\temp5
F:\Programs\src\TempPlayGround\temp6
F:\Programs\src\TempPlayGround\temp7
F:\Programs\src\TempPlayGround\temp8
F:\Programs\src\TempPlayGround\temp9
Files.newDirectory with temp
F:\Programs\src\TempPlayGround\temp1
F:\Programs\src\TempPlayGround\temp2
F:\Programs\src\TempPlayGround\temp3
F:\Programs\src\TempPlayGround\temp4
F:\Programs\src\TempPlayGround\temp5
F:\Programs\src\TempPlayGround\temp6
F:\Programs\src\TempPlayGround\temp7
F:\Programs\src\TempPlayGround\temp8
F:\Programs\src\TempPlayGround\temp9
]]></system-out>
  <system-err><![CDATA[]]></system-err>
</testsuite>
